{"C:\\Users\\thiag\\first_project\\tasks\\src\\App.tsx": {"path":"C:\\Users\\thiag\\first_project\\tasks\\src\\App.tsx","statementMap":{"0":{"start":{"line":20,"column":4},"end":{"line":59,"column":6}}},"fnMap":{"0":{"name":"App","decl":{"start":{"line":19,"column":9},"end":{"line":19,"column":12}},"loc":{"start":{"line":19,"column":28},"end":{"line":60,"column":1}},"line":19}},"branchMap":{},"s":{"0":2},"f":{"0":2},"b":{},"_coverageSchema":"1a1c01bbd47fc00a2c39e90264f33305004495a9","hash":"6e6760e6a3cb8b54d9dfa4a83a01b4e8b8130513"}
,"C:\\Users\\thiag\\first_project\\tasks\\src\\arrays.ts": {"path":"C:\\Users\\thiag\\first_project\\tasks\\src\\arrays.ts","statementMap":{"0":{"start":{"line":8,"column":4},"end":{"line":14,"column":5}},"1":{"start":{"line":9,"column":8},"end":{"line":9,"column":18}},"2":{"start":{"line":10,"column":11},"end":{"line":14,"column":5}},"3":{"start":{"line":11,"column":8},"end":{"line":11,"column":40}},"4":{"start":{"line":13,"column":8},"end":{"line":13,"column":57}},"5":{"start":{"line":22,"column":20},"end":{"line":22,"column":65}},"6":{"start":{"line":22,"column":57},"end":{"line":22,"column":64}},"7":{"start":{"line":23,"column":4},"end":{"line":23,"column":19}},"8":{"start":{"line":31,"column":35},"end":{"line":34,"column":6}},"9":{"start":{"line":32,"column":26},"end":{"line":32,"column":43}},"10":{"start":{"line":33,"column":8},"end":{"line":33,"column":48}},"11":{"start":{"line":36,"column":4},"end":{"line":36,"column":24}},"12":{"start":{"line":46,"column":29},"end":{"line":51,"column":1}},"13":{"start":{"line":47,"column":41},"end":{"line":49,"column":6}},"14":{"start":{"line":48,"column":8},"end":{"line":48,"column":36}},"15":{"start":{"line":50,"column":4},"end":{"line":50,"column":49}},"16":{"start":{"line":58,"column":33},"end":{"line":64,"column":1}},"17":{"start":{"line":59,"column":41},"end":{"line":61,"column":68}},"18":{"start":{"line":60,"column":25},"end":{"line":60,"column":43}},"19":{"start":{"line":61,"column":23},"end":{"line":61,"column":66}},"20":{"start":{"line":63,"column":4},"end":{"line":63,"column":30}},"21":{"start":{"line":71,"column":33},"end":{"line":71,"column":72}},"22":{"start":{"line":71,"column":56},"end":{"line":71,"column":71}},"23":{"start":{"line":72,"column":4},"end":{"line":72,"column":29}},"24":{"start":{"line":81,"column":4},"end":{"line":83,"column":5}},"25":{"start":{"line":82,"column":8},"end":{"line":82,"column":20}},"26":{"start":{"line":84,"column":4},"end":{"line":84,"column":77}},"27":{"start":{"line":84,"column":35},"end":{"line":84,"column":75}},"28":{"start":{"line":95,"column":16},"end":{"line":98,"column":5}},"29":{"start":{"line":96,"column":39},"end":{"line":96,"column":65}},"30":{"start":{"line":99,"column":4},"end":{"line":101,"column":5}},"31":{"start":{"line":100,"column":8},"end":{"line":100,"column":21}},"32":{"start":{"line":102,"column":26},"end":{"line":102,"column":43}},"33":{"start":{"line":103,"column":4},"end":{"line":103,"column":37}},"34":{"start":{"line":135,"column":14},"end":{"line":135,"column":15}},"35":{"start":{"line":136,"column":24},"end":{"line":136,"column":29}},"36":{"start":{"line":138,"column":29},"end":{"line":146,"column":10}},"37":{"start":{"line":139,"column":8},"end":{"line":145,"column":9}},"38":{"start":{"line":140,"column":12},"end":{"line":140,"column":33}},"39":{"start":{"line":141,"column":12},"end":{"line":141,"column":40}},"40":{"start":{"line":143,"column":12},"end":{"line":143,"column":25}},"41":{"start":{"line":144,"column":12},"end":{"line":144,"column":35}},"42":{"start":{"line":148,"column":4},"end":{"line":150,"column":5}},"43":{"start":{"line":149,"column":8},"end":{"line":149,"column":25}},"44":{"start":{"line":152,"column":4},"end":{"line":152,"column":18}}},"fnMap":{"0":{"name":"bookEndList","decl":{"start":{"line":7,"column":16},"end":{"line":7,"column":27}},"loc":{"start":{"line":7,"column":57},"end":{"line":15,"column":1}},"line":7},"1":{"name":"tripleNumbers","decl":{"start":{"line":21,"column":16},"end":{"line":21,"column":29}},"loc":{"start":{"line":21,"column":59},"end":{"line":24,"column":1}},"line":21},"2":{"name":"(anonymous_2)","decl":{"start":{"line":22,"column":32},"end":{"line":22,"column":33}},"loc":{"start":{"line":22,"column":57},"end":{"line":22,"column":64}},"line":22},"3":{"name":"stringsToIntegers","decl":{"start":{"line":30,"column":16},"end":{"line":30,"column":33}},"loc":{"start":{"line":30,"column":63},"end":{"line":37,"column":1}},"line":30},"4":{"name":"(anonymous_4)","decl":{"start":{"line":31,"column":47},"end":{"line":31,"column":48}},"loc":{"start":{"line":31,"column":56},"end":{"line":34,"column":5}},"line":31},"5":{"name":"(anonymous_5)","decl":{"start":{"line":46,"column":29},"end":{"line":46,"column":30}},"loc":{"start":{"line":46,"column":62},"end":{"line":51,"column":1}},"line":46},"6":{"name":"(anonymous_6)","decl":{"start":{"line":47,"column":53},"end":{"line":47,"column":54}},"loc":{"start":{"line":47,"column":62},"end":{"line":49,"column":5}},"line":47},"7":{"name":"(anonymous_7)","decl":{"start":{"line":58,"column":33},"end":{"line":58,"column":34}},"loc":{"start":{"line":58,"column":67},"end":{"line":64,"column":1}},"line":58},"8":{"name":"(anonymous_8)","decl":{"start":{"line":60,"column":16},"end":{"line":60,"column":17}},"loc":{"start":{"line":60,"column":25},"end":{"line":60,"column":43}},"line":60},"9":{"name":"(anonymous_9)","decl":{"start":{"line":61,"column":13},"end":{"line":61,"column":14}},"loc":{"start":{"line":61,"column":23},"end":{"line":61,"column":66}},"line":61},"10":{"name":"countShortWords","decl":{"start":{"line":70,"column":16},"end":{"line":70,"column":31}},"loc":{"start":{"line":70,"column":57},"end":{"line":73,"column":1}},"line":70},"11":{"name":"(anonymous_11)","decl":{"start":{"line":71,"column":46},"end":{"line":71,"column":47}},"loc":{"start":{"line":71,"column":56},"end":{"line":71,"column":71}},"line":71},"12":{"name":"allRGB","decl":{"start":{"line":80,"column":16},"end":{"line":80,"column":22}},"loc":{"start":{"line":80,"column":50},"end":{"line":85,"column":1}},"line":80},"13":{"name":"(anonymous_13)","decl":{"start":{"line":84,"column":24},"end":{"line":84,"column":25}},"loc":{"start":{"line":84,"column":35},"end":{"line":84,"column":75}},"line":84},"14":{"name":"makeMath","decl":{"start":{"line":94,"column":16},"end":{"line":94,"column":24}},"loc":{"start":{"line":94,"column":52},"end":{"line":104,"column":1}},"line":94},"15":{"name":"(anonymous_15)","decl":{"start":{"line":96,"column":8},"end":{"line":96,"column":9}},"loc":{"start":{"line":96,"column":39},"end":{"line":96,"column":65}},"line":96},"16":{"name":"injectPositive","decl":{"start":{"line":134,"column":16},"end":{"line":134,"column":30}},"loc":{"start":{"line":134,"column":59},"end":{"line":153,"column":1}},"line":134},"17":{"name":"(anonymous_17)","decl":{"start":{"line":138,"column":43},"end":{"line":138,"column":44}},"loc":{"start":{"line":138,"column":69},"end":{"line":146,"column":5}},"line":138}},"branchMap":{"0":{"loc":{"start":{"line":8,"column":4},"end":{"line":14,"column":5}},"type":"if","locations":[{"start":{"line":8,"column":4},"end":{"line":14,"column":5}},{"start":{"line":10,"column":11},"end":{"line":14,"column":5}}],"line":8},"1":{"loc":{"start":{"line":10,"column":11},"end":{"line":14,"column":5}},"type":"if","locations":[{"start":{"line":10,"column":11},"end":{"line":14,"column":5}},{"start":{"line":12,"column":11},"end":{"line":14,"column":5}}],"line":10},"2":{"loc":{"start":{"line":33,"column":15},"end":{"line":33,"column":47}},"type":"cond-expr","locations":[{"start":{"line":33,"column":34},"end":{"line":33,"column":35}},{"start":{"line":33,"column":38},"end":{"line":33,"column":47}}],"line":33},"3":{"loc":{"start":{"line":61,"column":23},"end":{"line":61,"column":66}},"type":"cond-expr","locations":[{"start":{"line":61,"column":43},"end":{"line":61,"column":60}},{"start":{"line":61,"column":63},"end":{"line":61,"column":66}}],"line":61},"4":{"loc":{"start":{"line":81,"column":4},"end":{"line":83,"column":5}},"type":"if","locations":[{"start":{"line":81,"column":4},"end":{"line":83,"column":5}},{"start":{},"end":{}}],"line":81},"5":{"loc":{"start":{"line":99,"column":4},"end":{"line":101,"column":5}},"type":"if","locations":[{"start":{"line":99,"column":4},"end":{"line":101,"column":5}},{"start":{},"end":{}}],"line":99},"6":{"loc":{"start":{"line":139,"column":8},"end":{"line":145,"column":9}},"type":"if","locations":[{"start":{"line":139,"column":8},"end":{"line":145,"column":9}},{"start":{"line":142,"column":15},"end":{"line":145,"column":9}}],"line":139},"7":{"loc":{"start":{"line":139,"column":12},"end":{"line":139,"column":39}},"type":"binary-expr","locations":[{"start":{"line":139,"column":12},"end":{"line":139,"column":21}},{"start":{"line":139,"column":25},"end":{"line":139,"column":39}}],"line":139},"8":{"loc":{"start":{"line":148,"column":4},"end":{"line":150,"column":5}},"type":"if","locations":[{"start":{"line":148,"column":4},"end":{"line":150,"column":5}},{"start":{},"end":{}}],"line":148}},"s":{"0":6,"1":1,"2":5,"3":1,"4":4,"5":6,"6":17,"7":6,"8":15,"9":40,"10":40,"11":15,"12":1,"13":8,"14":22,"15":8,"16":1,"17":6,"18":20,"19":15,"20":6,"21":6,"22":22,"23":6,"24":9,"25":1,"26":8,"27":19,"28":5,"29":12,"30":5,"31":1,"32":4,"33":4,"34":7,"35":7,"36":7,"37":22,"38":2,"39":2,"40":20,"41":20,"42":7,"43":5,"44":7},"f":{"0":6,"1":6,"2":17,"3":15,"4":40,"5":8,"6":22,"7":6,"8":20,"9":15,"10":6,"11":22,"12":9,"13":19,"14":5,"15":12,"16":7,"17":22},"b":{"0":[1,5],"1":[1,4],"2":[13,27],"3":[8,7],"4":[1,8],"5":[1,4],"6":[2,20],"7":[22,3],"8":[5,2]},"_coverageSchema":"1a1c01bbd47fc00a2c39e90264f33305004495a9","hash":"c1a161ce0abcd26f432bcaf45b08d26874c92150"}
,"C:\\Users\\thiag\\first_project\\tasks\\src\\functions.ts": {"path":"C:\\Users\\thiag\\first_project\\tasks\\src\\functions.ts","statementMap":{"0":{"start":{"line":7,"column":4},"end":{"line":7,"column":40}},"1":{"start":{"line":15,"column":19},"end":{"line":15,"column":20}},"2":{"start":{"line":16,"column":4},"end":{"line":18,"column":5}},"3":{"start":{"line":17,"column":8},"end":{"line":17,"column":36}},"4":{"start":{"line":19,"column":4},"end":{"line":21,"column":5}},"5":{"start":{"line":20,"column":8},"end":{"line":20,"column":37}},"6":{"start":{"line":22,"column":4},"end":{"line":24,"column":5}},"7":{"start":{"line":23,"column":8},"end":{"line":23,"column":36}},"8":{"start":{"line":25,"column":4},"end":{"line":25,"column":20}},"9":{"start":{"line":32,"column":4},"end":{"line":32,"column":39}},"10":{"start":{"line":40,"column":4},"end":{"line":40,"column":69}},"11":{"start":{"line":49,"column":4},"end":{"line":55,"column":5}},"12":{"start":{"line":50,"column":8},"end":{"line":50,"column":20}},"13":{"start":{"line":51,"column":11},"end":{"line":55,"column":5}},"14":{"start":{"line":52,"column":8},"end":{"line":52,"column":21}},"15":{"start":{"line":54,"column":8},"end":{"line":54,"column":20}}},"fnMap":{"0":{"name":"fahrenheitToCelius","decl":{"start":{"line":6,"column":16},"end":{"line":6,"column":34}},"loc":{"start":{"line":6,"column":64},"end":{"line":8,"column":1}},"line":6},"1":{"name":"add3","decl":{"start":{"line":14,"column":16},"end":{"line":14,"column":20}},"loc":{"start":{"line":14,"column":75},"end":{"line":26,"column":1}},"line":14},"2":{"name":"shout","decl":{"start":{"line":31,"column":16},"end":{"line":31,"column":21}},"loc":{"start":{"line":31,"column":47},"end":{"line":33,"column":1}},"line":31},"3":{"name":"isQuestion","decl":{"start":{"line":39,"column":16},"end":{"line":39,"column":26}},"loc":{"start":{"line":39,"column":53},"end":{"line":41,"column":1}},"line":39},"4":{"name":"convertYesNo","decl":{"start":{"line":48,"column":16},"end":{"line":48,"column":28}},"loc":{"start":{"line":48,"column":59},"end":{"line":56,"column":1}},"line":48}},"branchMap":{"0":{"loc":{"start":{"line":16,"column":4},"end":{"line":18,"column":5}},"type":"if","locations":[{"start":{"line":16,"column":4},"end":{"line":18,"column":5}},{"start":{},"end":{}}],"line":16},"1":{"loc":{"start":{"line":19,"column":4},"end":{"line":21,"column":5}},"type":"if","locations":[{"start":{"line":19,"column":4},"end":{"line":21,"column":5}},{"start":{},"end":{}}],"line":19},"2":{"loc":{"start":{"line":22,"column":4},"end":{"line":24,"column":5}},"type":"if","locations":[{"start":{"line":22,"column":4},"end":{"line":24,"column":5}},{"start":{},"end":{}}],"line":22},"3":{"loc":{"start":{"line":40,"column":11},"end":{"line":40,"column":68}},"type":"cond-expr","locations":[{"start":{"line":40,"column":56},"end":{"line":40,"column":60}},{"start":{"line":40,"column":63},"end":{"line":40,"column":68}}],"line":40},"4":{"loc":{"start":{"line":49,"column":4},"end":{"line":55,"column":5}},"type":"if","locations":[{"start":{"line":49,"column":4},"end":{"line":55,"column":5}},{"start":{"line":51,"column":11},"end":{"line":55,"column":5}}],"line":49},"5":{"loc":{"start":{"line":49,"column":8},"end":{"line":49,"column":40}},"type":"binary-expr","locations":[{"start":{"line":49,"column":8},"end":{"line":49,"column":22}},{"start":{"line":49,"column":26},"end":{"line":49,"column":40}}],"line":49},"6":{"loc":{"start":{"line":51,"column":11},"end":{"line":55,"column":5}},"type":"if","locations":[{"start":{"line":51,"column":11},"end":{"line":55,"column":5}},{"start":{"line":53,"column":11},"end":{"line":55,"column":5}}],"line":51},"7":{"loc":{"start":{"line":51,"column":15},"end":{"line":51,"column":45}},"type":"binary-expr","locations":[{"start":{"line":51,"column":15},"end":{"line":51,"column":28}},{"start":{"line":51,"column":32},"end":{"line":51,"column":45}}],"line":51}},"s":{"0":7,"1":6,"2":6,"3":4,"4":6,"5":3,"6":6,"7":4,"8":6,"9":6,"10":7,"11":9,"12":2,"13":7,"14":2,"15":5},"f":{"0":7,"1":6,"2":6,"3":7,"4":9},"b":{"0":[4,2],"1":[3,3],"2":[4,2],"3":[3,4],"4":[2,7],"5":[9,8],"6":[2,5],"7":[7,6]},"_coverageSchema":"1a1c01bbd47fc00a2c39e90264f33305004495a9","hash":"0b28a8ed8b99217755e3f678f27854b1704ffb4d"}
,"C:\\Users\\thiag\\first_project\\tasks\\src\\nested.ts": {"path":"C:\\Users\\thiag\\first_project\\tasks\\src\\nested.ts","statementMap":{"0":{"start":{"line":9,"column":4},"end":{"line":9,"column":64}},"1":{"start":{"line":9,"column":43},"end":{"line":9,"column":62}},"2":{"start":{"line":18,"column":4},"end":{"line":23,"column":6}},"3":{"start":{"line":20,"column":12},"end":{"line":22,"column":39}},"4":{"start":{"line":34,"column":4},"end":{"line":34,"column":68}},"5":{"start":{"line":34,"column":40},"end":{"line":34,"column":58}},"6":{"start":{"line":42,"column":4},"end":{"line":42,"column":62}},"7":{"start":{"line":42,"column":42},"end":{"line":42,"column":60}},"8":{"start":{"line":50,"column":28},"end":{"line":50,"column":70}},"9":{"start":{"line":50,"column":56},"end":{"line":50,"column":69}},"10":{"start":{"line":51,"column":4},"end":{"line":51,"column":17}},"11":{"start":{"line":58,"column":4},"end":{"line":58,"column":77}},"12":{"start":{"line":58,"column":49},"end":{"line":58,"column":72}},"13":{"start":{"line":65,"column":4},"end":{"line":67,"column":65}},"14":{"start":{"line":66,"column":30},"end":{"line":66,"column":48}},"15":{"start":{"line":67,"column":37},"end":{"line":67,"column":60}},"16":{"start":{"line":88,"column":19},"end":{"line":88,"column":53}},"17":{"start":{"line":89,"column":21},"end":{"line":92,"column":6}},"18":{"start":{"line":90,"column":29},"end":{"line":90,"column":52}},"19":{"start":{"line":91,"column":8},"end":{"line":91,"column":106}},"20":{"start":{"line":93,"column":23},"end":{"line":93,"column":55}},"21":{"start":{"line":94,"column":4},"end":{"line":94,"column":22}},"22":{"start":{"line":103,"column":4},"end":{"line":108,"column":8}},"23":{"start":{"line":103,"column":40},"end":{"line":108,"column":5}},"24":{"start":{"line":116,"column":4},"end":{"line":116,"column":75}},"25":{"start":{"line":116,"column":40},"end":{"line":116,"column":72}},"26":{"start":{"line":124,"column":4},"end":{"line":129,"column":5}},"27":{"start":{"line":125,"column":8},"end":{"line":125,"column":20}},"28":{"start":{"line":127,"column":26},"end":{"line":127,"column":43}},"29":{"start":{"line":128,"column":8},"end":{"line":128,"column":74}},"30":{"start":{"line":128,"column":45},"end":{"line":128,"column":72}},"31":{"start":{"line":144,"column":26},"end":{"line":144,"column":59}},"32":{"start":{"line":145,"column":4},"end":{"line":145,"column":41}},"33":{"start":{"line":158,"column":4},"end":{"line":160,"column":6}},"34":{"start":{"line":159,"column":8},"end":{"line":159,"column":76}},"35":{"start":{"line":175,"column":4},"end":{"line":185,"column":7}},"36":{"start":{"line":176,"column":8},"end":{"line":184,"column":9}},"37":{"start":{"line":177,"column":12},"end":{"line":181,"column":13}},"38":{"start":{"line":178,"column":16},"end":{"line":178,"column":75}},"39":{"start":{"line":180,"column":16},"end":{"line":180,"column":62}},"40":{"start":{"line":183,"column":12},"end":{"line":183,"column":28}},"41":{"start":{"line":204,"column":4},"end":{"line":219,"column":7}},"42":{"start":{"line":205,"column":8},"end":{"line":218,"column":9}},"43":{"start":{"line":206,"column":35},"end":{"line":206,"column":56}},"44":{"start":{"line":207,"column":12},"end":{"line":214,"column":13}},"45":{"start":{"line":208,"column":16},"end":{"line":208,"column":47}},"46":{"start":{"line":209,"column":19},"end":{"line":214,"column":13}},"47":{"start":{"line":213,"column":16},"end":{"line":213,"column":62}},"48":{"start":{"line":215,"column":12},"end":{"line":215,"column":60}},"49":{"start":{"line":217,"column":12},"end":{"line":217,"column":28}},"50":{"start":{"line":233,"column":4},"end":{"line":240,"column":7}},"51":{"start":{"line":234,"column":8},"end":{"line":239,"column":9}},"52":{"start":{"line":235,"column":40},"end":{"line":235,"column":74}},"53":{"start":{"line":236,"column":12},"end":{"line":236,"column":41}},"54":{"start":{"line":238,"column":12},"end":{"line":238,"column":30}}},"fnMap":{"0":{"name":"getPublishedQuestions","decl":{"start":{"line":8,"column":16},"end":{"line":8,"column":37}},"loc":{"start":{"line":8,"column":73},"end":{"line":10,"column":1}},"line":8},"1":{"name":"(anonymous_1)","decl":{"start":{"line":9,"column":28},"end":{"line":9,"column":29}},"loc":{"start":{"line":9,"column":43},"end":{"line":9,"column":62}},"line":9},"2":{"name":"getNonEmptyQuestions","decl":{"start":{"line":17,"column":16},"end":{"line":17,"column":36}},"loc":{"start":{"line":17,"column":72},"end":{"line":24,"column":1}},"line":17},"3":{"name":"(anonymous_3)","decl":{"start":{"line":19,"column":8},"end":{"line":19,"column":9}},"loc":{"start":{"line":20,"column":12},"end":{"line":22,"column":39}},"line":20},"4":{"name":"findQuestion","decl":{"start":{"line":30,"column":16},"end":{"line":30,"column":28}},"loc":{"start":{"line":33,"column":19},"end":{"line":35,"column":1}},"line":33},"5":{"name":"(anonymous_5)","decl":{"start":{"line":34,"column":26},"end":{"line":34,"column":27}},"loc":{"start":{"line":34,"column":40},"end":{"line":34,"column":58}},"line":34},"6":{"name":"removeQuestion","decl":{"start":{"line":41,"column":16},"end":{"line":41,"column":30}},"loc":{"start":{"line":41,"column":78},"end":{"line":43,"column":1}},"line":41},"7":{"name":"(anonymous_7)","decl":{"start":{"line":42,"column":28},"end":{"line":42,"column":29}},"loc":{"start":{"line":42,"column":42},"end":{"line":42,"column":60}},"line":42},"8":{"name":"getNames","decl":{"start":{"line":49,"column":16},"end":{"line":49,"column":24}},"loc":{"start":{"line":49,"column":58},"end":{"line":52,"column":1}},"line":49},"9":{"name":"(anonymous_9)","decl":{"start":{"line":50,"column":42},"end":{"line":50,"column":43}},"loc":{"start":{"line":50,"column":56},"end":{"line":50,"column":69}},"line":50},"10":{"name":"sumPoints","decl":{"start":{"line":57,"column":16},"end":{"line":57,"column":25}},"loc":{"start":{"line":57,"column":57},"end":{"line":59,"column":1}},"line":57},"11":{"name":"(anonymous_11)","decl":{"start":{"line":58,"column":28},"end":{"line":58,"column":29}},"loc":{"start":{"line":58,"column":49},"end":{"line":58,"column":72}},"line":58},"12":{"name":"sumPublishedPoints","decl":{"start":{"line":64,"column":16},"end":{"line":64,"column":34}},"loc":{"start":{"line":64,"column":66},"end":{"line":68,"column":1}},"line":64},"13":{"name":"(anonymous_13)","decl":{"start":{"line":66,"column":16},"end":{"line":66,"column":17}},"loc":{"start":{"line":66,"column":30},"end":{"line":66,"column":48}},"line":66},"14":{"name":"(anonymous_14)","decl":{"start":{"line":67,"column":16},"end":{"line":67,"column":17}},"loc":{"start":{"line":67,"column":37},"end":{"line":67,"column":60}},"line":67},"15":{"name":"toCSV","decl":{"start":{"line":87,"column":16},"end":{"line":87,"column":21}},"loc":{"start":{"line":87,"column":53},"end":{"line":95,"column":1}},"line":87},"16":{"name":"(anonymous_16)","decl":{"start":{"line":89,"column":35},"end":{"line":89,"column":36}},"loc":{"start":{"line":89,"column":49},"end":{"line":92,"column":5}},"line":89},"17":{"name":"makeAnswers","decl":{"start":{"line":102,"column":16},"end":{"line":102,"column":27}},"loc":{"start":{"line":102,"column":61},"end":{"line":109,"column":1}},"line":102},"18":{"name":"(anonymous_18)","decl":{"start":{"line":103,"column":25},"end":{"line":103,"column":26}},"loc":{"start":{"line":103,"column":40},"end":{"line":108,"column":5}},"line":103},"19":{"name":"publishAll","decl":{"start":{"line":115,"column":16},"end":{"line":115,"column":26}},"loc":{"start":{"line":115,"column":62},"end":{"line":117,"column":1}},"line":115},"20":{"name":"(anonymous_20)","decl":{"start":{"line":116,"column":25},"end":{"line":116,"column":26}},"loc":{"start":{"line":116,"column":40},"end":{"line":116,"column":72}},"line":116},"21":{"name":"sameType","decl":{"start":{"line":123,"column":16},"end":{"line":123,"column":24}},"loc":{"start":{"line":123,"column":57},"end":{"line":130,"column":1}},"line":123},"22":{"name":"(anonymous_22)","decl":{"start":{"line":128,"column":31},"end":{"line":128,"column":32}},"loc":{"start":{"line":128,"column":45},"end":{"line":128,"column":72}},"line":128},"23":{"name":"addNewQuestion","decl":{"start":{"line":138,"column":16},"end":{"line":138,"column":30}},"loc":{"start":{"line":143,"column":14},"end":{"line":146,"column":1}},"line":143},"24":{"name":"renameQuestionById","decl":{"start":{"line":153,"column":16},"end":{"line":153,"column":34}},"loc":{"start":{"line":157,"column":14},"end":{"line":161,"column":1}},"line":157},"25":{"name":"(anonymous_25)","decl":{"start":{"line":158,"column":25},"end":{"line":158,"column":26}},"loc":{"start":{"line":159,"column":8},"end":{"line":159,"column":76}},"line":159},"26":{"name":"changeQuestionTypeById","decl":{"start":{"line":170,"column":16},"end":{"line":170,"column":38}},"loc":{"start":{"line":174,"column":14},"end":{"line":186,"column":1}},"line":174},"27":{"name":"(anonymous_27)","decl":{"start":{"line":175,"column":25},"end":{"line":175,"column":26}},"loc":{"start":{"line":175,"column":39},"end":{"line":185,"column":5}},"line":175},"28":{"name":"editOption","decl":{"start":{"line":198,"column":16},"end":{"line":198,"column":26}},"loc":{"start":{"line":203,"column":14},"end":{"line":220,"column":1}},"line":203},"29":{"name":"(anonymous_29)","decl":{"start":{"line":204,"column":25},"end":{"line":204,"column":26}},"loc":{"start":{"line":204,"column":39},"end":{"line":219,"column":5}},"line":204},"30":{"name":"duplicateQuestionInArray","decl":{"start":{"line":228,"column":16},"end":{"line":228,"column":40}},"loc":{"start":{"line":232,"column":14},"end":{"line":241,"column":1}},"line":232},"31":{"name":"(anonymous_31)","decl":{"start":{"line":233,"column":29},"end":{"line":233,"column":30}},"loc":{"start":{"line":233,"column":43},"end":{"line":240,"column":5}},"line":233}},"branchMap":{"0":{"loc":{"start":{"line":20,"column":12},"end":{"line":22,"column":39}},"type":"binary-expr","locations":[{"start":{"line":20,"column":12},"end":{"line":20,"column":39}},{"start":{"line":21,"column":12},"end":{"line":21,"column":43}},{"start":{"line":22,"column":12},"end":{"line":22,"column":39}}],"line":20},"1":{"loc":{"start":{"line":34,"column":11},"end":{"line":34,"column":67}},"type":"binary-expr","locations":[{"start":{"line":34,"column":11},"end":{"line":34,"column":59}},{"start":{"line":34,"column":63},"end":{"line":34,"column":67}}],"line":34},"2":{"loc":{"start":{"line":124,"column":4},"end":{"line":129,"column":5}},"type":"if","locations":[{"start":{"line":124,"column":4},"end":{"line":129,"column":5}},{"start":{"line":126,"column":11},"end":{"line":129,"column":5}}],"line":124},"3":{"loc":{"start":{"line":159,"column":8},"end":{"line":159,"column":76}},"type":"cond-expr","locations":[{"start":{"line":159,"column":35},"end":{"line":159,"column":65}},{"start":{"line":159,"column":68},"end":{"line":159,"column":76}}],"line":159},"4":{"loc":{"start":{"line":176,"column":8},"end":{"line":184,"column":9}},"type":"if","locations":[{"start":{"line":176,"column":8},"end":{"line":184,"column":9}},{"start":{"line":182,"column":15},"end":{"line":184,"column":9}}],"line":176},"5":{"loc":{"start":{"line":177,"column":12},"end":{"line":181,"column":13}},"type":"if","locations":[{"start":{"line":177,"column":12},"end":{"line":181,"column":13}},{"start":{"line":179,"column":19},"end":{"line":181,"column":13}}],"line":177},"6":{"loc":{"start":{"line":205,"column":8},"end":{"line":218,"column":9}},"type":"if","locations":[{"start":{"line":205,"column":8},"end":{"line":218,"column":9}},{"start":{"line":216,"column":15},"end":{"line":218,"column":9}}],"line":205},"7":{"loc":{"start":{"line":207,"column":12},"end":{"line":214,"column":13}},"type":"if","locations":[{"start":{"line":207,"column":12},"end":{"line":214,"column":13}},{"start":{"line":209,"column":19},"end":{"line":214,"column":13}}],"line":207},"8":{"loc":{"start":{"line":209,"column":19},"end":{"line":214,"column":13}},"type":"if","locations":[{"start":{"line":209,"column":19},"end":{"line":214,"column":13}},{"start":{},"end":{}}],"line":209},"9":{"loc":{"start":{"line":210,"column":16},"end":{"line":211,"column":57}},"type":"binary-expr","locations":[{"start":{"line":210,"column":16},"end":{"line":210,"column":38}},{"start":{"line":211,"column":16},"end":{"line":211,"column":57}}],"line":210},"10":{"loc":{"start":{"line":234,"column":8},"end":{"line":239,"column":9}},"type":"if","locations":[{"start":{"line":234,"column":8},"end":{"line":239,"column":9}},{"start":{"line":237,"column":15},"end":{"line":239,"column":9}}],"line":234}},"s":{"0":5,"1":20,"2":5,"3":20,"4":11,"5":24,"6":5,"7":17,"8":5,"9":20,"10":5,"11":5,"12":20,"13":5,"14":20,"15":11,"16":5,"17":5,"18":20,"19":20,"20":5,"21":5,"22":5,"23":20,"24":5,"25":20,"26":6,"27":1,"28":5,"29":5,"30":17,"31":3,"32":3,"33":3,"34":10,"35":4,"36":12,"37":4,"38":3,"39":1,"40":8,"41":5,"42":18,"43":5,"44":5,"45":3,"46":2,"47":2,"48":5,"49":13,"50":3,"51":9,"52":3,"53":3,"54":6},"f":{"0":5,"1":20,"2":5,"3":20,"4":11,"5":24,"6":5,"7":17,"8":5,"9":20,"10":5,"11":20,"12":5,"13":20,"14":11,"15":5,"16":20,"17":5,"18":20,"19":5,"20":20,"21":6,"22":17,"23":3,"24":3,"25":10,"26":4,"27":12,"28":5,"29":18,"30":3,"31":9},"b":{"0":[20,6,4],"1":[11,3],"2":[1,5],"3":[3,7],"4":[4,8],"5":[3,1],"6":[5,13],"7":[3,2],"8":[2,0],"9":[2,2],"10":[3,6]},"_coverageSchema":"1a1c01bbd47fc00a2c39e90264f33305004495a9","hash":"534c29efa8ead60c526e9636583377f53b2667b2"}
,"C:\\Users\\thiag\\first_project\\tasks\\src\\objects.ts": {"path":"C:\\Users\\thiag\\first_project\\tasks\\src\\objects.ts","statementMap":{"0":{"start":{"line":13,"column":36},"end":{"line":22,"column":5}},"1":{"start":{"line":23,"column":4},"end":{"line":23,"column":25}},"2":{"start":{"line":34,"column":26},"end":{"line":34,"column":53}},"3":{"start":{"line":35,"column":28},"end":{"line":35,"column":66}},"4":{"start":{"line":36,"column":4},"end":{"line":36,"column":45}},"5":{"start":{"line":46,"column":4},"end":{"line":52,"column":5}},"6":{"start":{"line":47,"column":8},"end":{"line":47,"column":20}},"7":{"start":{"line":48,"column":11},"end":{"line":52,"column":5}},"8":{"start":{"line":49,"column":8},"end":{"line":49,"column":49}},"9":{"start":{"line":51,"column":8},"end":{"line":51,"column":21}},"10":{"start":{"line":62,"column":26},"end":{"line":62,"column":56}},"11":{"start":{"line":63,"column":4},"end":{"line":63,"column":46}},"12":{"start":{"line":85,"column":21},"end":{"line":85,"column":41}},"13":{"start":{"line":86,"column":21},"end":{"line":86,"column":34}},"14":{"start":{"line":87,"column":32},"end":{"line":87,"column":34}},"15":{"start":{"line":88,"column":4},"end":{"line":93,"column":5}},"16":{"start":{"line":92,"column":8},"end":{"line":92,"column":70}},"17":{"start":{"line":92,"column":55},"end":{"line":92,"column":68}},"18":{"start":{"line":94,"column":28},"end":{"line":94,"column":75}},"19":{"start":{"line":95,"column":4},"end":{"line":95,"column":27}},"20":{"start":{"line":103,"column":38},"end":{"line":103,"column":68}},"21":{"start":{"line":104,"column":4},"end":{"line":104,"column":27}},"22":{"start":{"line":113,"column":38},"end":{"line":116,"column":5}},"23":{"start":{"line":117,"column":4},"end":{"line":117,"column":27}},"24":{"start":{"line":127,"column":41},"end":{"line":136,"column":5}},"25":{"start":{"line":137,"column":4},"end":{"line":137,"column":30}},"26":{"start":{"line":148,"column":38},"end":{"line":151,"column":5}},"27":{"start":{"line":152,"column":4},"end":{"line":152,"column":27}},"28":{"start":{"line":169,"column":37},"end":{"line":178,"column":5}},"29":{"start":{"line":179,"column":4},"end":{"line":179,"column":26}}},"fnMap":{"0":{"name":"makeBlankQuestion","decl":{"start":{"line":8,"column":16},"end":{"line":8,"column":33}},"loc":{"start":{"line":12,"column":12},"end":{"line":24,"column":1}},"line":12},"1":{"name":"isCorrect","decl":{"start":{"line":33,"column":16},"end":{"line":33,"column":25}},"loc":{"start":{"line":33,"column":71},"end":{"line":37,"column":1}},"line":33},"2":{"name":"isValid","decl":{"start":{"line":45,"column":16},"end":{"line":45,"column":23}},"loc":{"start":{"line":45,"column":69},"end":{"line":53,"column":1}},"line":45},"3":{"name":"toShortForm","decl":{"start":{"line":61,"column":16},"end":{"line":61,"column":27}},"loc":{"start":{"line":61,"column":56},"end":{"line":64,"column":1}},"line":61},"4":{"name":"toMarkdown","decl":{"start":{"line":84,"column":16},"end":{"line":84,"column":26}},"loc":{"start":{"line":84,"column":55},"end":{"line":96,"column":1}},"line":84},"5":{"name":"(anonymous_5)","decl":{"start":{"line":92,"column":43},"end":{"line":92,"column":44}},"loc":{"start":{"line":92,"column":55},"end":{"line":92,"column":68}},"line":92},"6":{"name":"renameQuestion","decl":{"start":{"line":102,"column":16},"end":{"line":102,"column":30}},"loc":{"start":{"line":102,"column":78},"end":{"line":105,"column":1}},"line":102},"7":{"name":"publishQuestion","decl":{"start":{"line":112,"column":16},"end":{"line":112,"column":31}},"loc":{"start":{"line":112,"column":62},"end":{"line":118,"column":1}},"line":112},"8":{"name":"duplicateQuestion","decl":{"start":{"line":126,"column":16},"end":{"line":126,"column":33}},"loc":{"start":{"line":126,"column":79},"end":{"line":138,"column":1}},"line":126},"9":{"name":"addOption","decl":{"start":{"line":147,"column":16},"end":{"line":147,"column":25}},"loc":{"start":{"line":147,"column":75},"end":{"line":153,"column":1}},"line":147},"10":{"name":"mergeQuestion","decl":{"start":{"line":163,"column":16},"end":{"line":163,"column":29}},"loc":{"start":{"line":168,"column":12},"end":{"line":180,"column":1}},"line":168}},"branchMap":{"0":{"loc":{"start":{"line":46,"column":4},"end":{"line":52,"column":5}},"type":"if","locations":[{"start":{"line":46,"column":4},"end":{"line":52,"column":5}},{"start":{"line":48,"column":11},"end":{"line":52,"column":5}}],"line":46},"1":{"loc":{"start":{"line":48,"column":11},"end":{"line":52,"column":5}},"type":"if","locations":[{"start":{"line":48,"column":11},"end":{"line":52,"column":5}},{"start":{"line":50,"column":11},"end":{"line":52,"column":5}}],"line":48},"2":{"loc":{"start":{"line":88,"column":4},"end":{"line":93,"column":5}},"type":"if","locations":[{"start":{"line":88,"column":4},"end":{"line":93,"column":5}},{"start":{},"end":{}}],"line":88},"3":{"loc":{"start":{"line":89,"column":8},"end":{"line":90,"column":35}},"type":"binary-expr","locations":[{"start":{"line":89,"column":8},"end":{"line":89,"column":52}},{"start":{"line":90,"column":8},"end":{"line":90,"column":35}}],"line":89}},"s":{"0":6,"1":6,"2":14,"3":14,"4":14,"5":18,"6":8,"7":10,"8":10,"9":0,"10":5,"11":5,"12":4,"13":4,"14":4,"15":4,"16":2,"17":6,"18":4,"19":4,"20":2,"21":2,"22":4,"23":4,"24":5,"25":5,"26":2,"27":2,"28":2,"29":2},"f":{"0":6,"1":14,"2":18,"3":5,"4":4,"5":6,"6":2,"7":4,"8":5,"9":2,"10":2},"b":{"0":[8,10],"1":[10,0],"2":[2,2],"3":[4,2]},"_coverageSchema":"1a1c01bbd47fc00a2c39e90264f33305004495a9","hash":"d0f90dc018aa328a19bae82bf74224ce3340a964"}
,"C:\\Users\\thiag\\first_project\\tasks\\src\\bad-components\\ChooseTeam.tsx": {"path":"C:\\Users\\thiag\\first_project\\tasks\\src\\bad-components\\ChooseTeam.tsx","statementMap":{"0":{"start":{"line":4,"column":15},"end":{"line":11,"column":1}},"1":{"start":{"line":14,"column":25},"end":{"line":14,"column":51}},"2":{"start":{"line":15,"column":28},"end":{"line":15,"column":50}},"3":{"start":{"line":18,"column":8},"end":{"line":21,"column":9}},"4":{"start":{"line":19,"column":28},"end":{"line":19,"column":48}},"5":{"start":{"line":20,"column":12},"end":{"line":20,"column":29}},"6":{"start":{"line":25,"column":8},"end":{"line":25,"column":20}},"7":{"start":{"line":28,"column":4},"end":{"line":54,"column":6}},"8":{"start":{"line":34,"column":24},"end":{"line":42,"column":30}},"9":{"start":{"line":37,"column":47},"end":{"line":37,"column":67}},"10":{"start":{"line":48,"column":24},"end":{"line":48,"column":54}}},"fnMap":{"0":{"name":"ChooseTeam","decl":{"start":{"line":13,"column":16},"end":{"line":13,"column":26}},"loc":{"start":{"line":13,"column":42},"end":{"line":55,"column":1}},"line":13},"1":{"name":"chooseMember","decl":{"start":{"line":17,"column":13},"end":{"line":17,"column":25}},"loc":{"start":{"line":17,"column":45},"end":{"line":22,"column":5}},"line":17},"2":{"name":"clearTeam","decl":{"start":{"line":24,"column":13},"end":{"line":24,"column":22}},"loc":{"start":{"line":24,"column":25},"end":{"line":26,"column":5}},"line":24},"3":{"name":"(anonymous_3)","decl":{"start":{"line":33,"column":36},"end":{"line":33,"column":37}},"loc":{"start":{"line":34,"column":24},"end":{"line":42,"column":30}},"line":34},"4":{"name":"(anonymous_4)","decl":{"start":{"line":37,"column":41},"end":{"line":37,"column":42}},"loc":{"start":{"line":37,"column":47},"end":{"line":37,"column":67}},"line":37},"5":{"name":"(anonymous_5)","decl":{"start":{"line":47,"column":30},"end":{"line":47,"column":31}},"loc":{"start":{"line":48,"column":24},"end":{"line":48,"column":54}},"line":48}},"branchMap":{"0":{"loc":{"start":{"line":18,"column":8},"end":{"line":21,"column":9}},"type":"if","locations":[{"start":{"line":18,"column":8},"end":{"line":21,"column":9}},{"start":{},"end":{}}],"line":18}},"s":{"0":3,"1":18,"2":18,"3":9,"4":9,"5":9,"6":1,"7":18,"8":108,"9":9,"10":15},"f":{"0":18,"1":9,"2":1,"3":108,"4":9,"5":15},"b":{"0":[9,0]},"_coverageSchema":"1a1c01bbd47fc00a2c39e90264f33305004495a9","hash":"520e8eaef17cdff6f8471d0a9aac61cdd84b235c"}
,"C:\\Users\\thiag\\first_project\\tasks\\src\\bad-components\\ColoredBox.tsx": {"path":"C:\\Users\\thiag\\first_project\\tasks\\src\\bad-components\\ColoredBox.tsx","statementMap":{"0":{"start":{"line":4,"column":22},"end":{"line":4,"column":46}},"1":{"start":{"line":5,"column":28},"end":{"line":5,"column":29}},"2":{"start":{"line":13,"column":4},"end":{"line":21,"column":6}},"3":{"start":{"line":16,"column":16},"end":{"line":16,"column":75}},"4":{"start":{"line":25,"column":4},"end":{"line":37,"column":6}},"5":{"start":{"line":41,"column":40},"end":{"line":41,"column":77}},"6":{"start":{"line":42,"column":4},"end":{"line":57,"column":6}}},"fnMap":{"0":{"name":"ChangeColor","decl":{"start":{"line":12,"column":9},"end":{"line":12,"column":20}},"loc":{"start":{"line":12,"column":53},"end":{"line":22,"column":1}},"line":12},"1":{"name":"(anonymous_1)","decl":{"start":{"line":15,"column":21},"end":{"line":15,"column":22}},"loc":{"start":{"line":16,"column":16},"end":{"line":16,"column":75}},"line":16},"2":{"name":"ColorPreview","decl":{"start":{"line":24,"column":9},"end":{"line":24,"column":21}},"loc":{"start":{"line":24,"column":54},"end":{"line":38,"column":1}},"line":24},"3":{"name":"ColoredBox","decl":{"start":{"line":40,"column":16},"end":{"line":40,"column":26}},"loc":{"start":{"line":40,"column":42},"end":{"line":58,"column":1}},"line":40}},"branchMap":{},"s":{"0":3,"1":3,"2":8,"3":3,"4":8,"5":8,"6":8},"f":{"0":8,"1":3,"2":8,"3":8},"b":{},"_coverageSchema":"1a1c01bbd47fc00a2c39e90264f33305004495a9","hash":"82415d6c9fed1db507945c0a55a6cf30ccf323ee"}
,"C:\\Users\\thiag\\first_project\\tasks\\src\\bad-components\\DoubleHalf.tsx": {"path":"C:\\Users\\thiag\\first_project\\tasks\\src\\bad-components\\DoubleHalf.tsx","statementMap":{"0":{"start":{"line":5,"column":34},"end":{"line":5,"column":46}},"1":{"start":{"line":7,"column":8},"end":{"line":7,"column":45}},"2":{"start":{"line":7,"column":32},"end":{"line":7,"column":43}},"3":{"start":{"line":10,"column":8},"end":{"line":10,"column":47}},"4":{"start":{"line":10,"column":32},"end":{"line":10,"column":45}},"5":{"start":{"line":12,"column":4},"end":{"line":21,"column":6}}},"fnMap":{"0":{"name":"DoubleHalf","decl":{"start":{"line":4,"column":16},"end":{"line":4,"column":26}},"loc":{"start":{"line":4,"column":42},"end":{"line":22,"column":1}},"line":4},"1":{"name":"Doubler","decl":{"start":{"line":6,"column":13},"end":{"line":6,"column":20}},"loc":{"start":{"line":6,"column":29},"end":{"line":8,"column":5}},"line":6},"2":{"name":"(anonymous_2)","decl":{"start":{"line":7,"column":19},"end":{"line":7,"column":20}},"loc":{"start":{"line":7,"column":32},"end":{"line":7,"column":43}},"line":7},"3":{"name":"Halver","decl":{"start":{"line":9,"column":13},"end":{"line":9,"column":19}},"loc":{"start":{"line":9,"column":28},"end":{"line":11,"column":5}},"line":9},"4":{"name":"(anonymous_4)","decl":{"start":{"line":10,"column":19},"end":{"line":10,"column":20}},"loc":{"start":{"line":10,"column":32},"end":{"line":10,"column":45}},"line":10}},"branchMap":{},"s":{"0":13,"1":3,"2":3,"3":5,"4":5,"5":13},"f":{"0":13,"1":3,"2":3,"3":5,"4":5},"b":{},"_coverageSchema":"1a1c01bbd47fc00a2c39e90264f33305004495a9","hash":"e4c846813011b098965ec04a312dea4e1d6e7694"}
,"C:\\Users\\thiag\\first_project\\tasks\\src\\bad-components\\DoubleHalfState.tsx": {"path":"C:\\Users\\thiag\\first_project\\tasks\\src\\bad-components\\DoubleHalfState.tsx","statementMap":{"0":{"start":{"line":3,"column":37},"end":{"line":3,"column":57}}},"fnMap":{},"branchMap":{},"s":{"0":0},"f":{},"b":{}}
,"C:\\Users\\thiag\\first_project\\tasks\\src\\bad-components\\ShoveBox.tsx": {"path":"C:\\Users\\thiag\\first_project\\tasks\\src\\bad-components\\ShoveBox.tsx","statementMap":{"0":{"start":{"line":11,"column":24},"end":{"line":13,"column":5}},"1":{"start":{"line":12,"column":8},"end":{"line":12,"column":34}},"2":{"start":{"line":15,"column":4},"end":{"line":15,"column":64}},"3":{"start":{"line":19,"column":4},"end":{"line":32,"column":6}},"4":{"start":{"line":36,"column":36},"end":{"line":36,"column":56}},"5":{"start":{"line":38,"column":4},"end":{"line":50,"column":6}}},"fnMap":{"0":{"name":"ShoveBoxButton","decl":{"start":{"line":4,"column":9},"end":{"line":4,"column":23}},"loc":{"start":{"line":10,"column":3},"end":{"line":16,"column":1}},"line":10},"1":{"name":"(anonymous_1)","decl":{"start":{"line":11,"column":24},"end":{"line":11,"column":25}},"loc":{"start":{"line":11,"column":30},"end":{"line":13,"column":5}},"line":11},"2":{"name":"MoveableBox","decl":{"start":{"line":18,"column":9},"end":{"line":18,"column":20}},"loc":{"start":{"line":18,"column":70},"end":{"line":33,"column":1}},"line":18},"3":{"name":"ShoveBox","decl":{"start":{"line":35,"column":16},"end":{"line":35,"column":24}},"loc":{"start":{"line":35,"column":40},"end":{"line":51,"column":1}},"line":35}},"branchMap":{},"s":{"0":8,"1":3,"2":8,"3":8,"4":8,"5":8},"f":{"0":8,"1":3,"2":8,"3":8},"b":{},"_coverageSchema":"1a1c01bbd47fc00a2c39e90264f33305004495a9","hash":"0f34645d3f06e0e72c9a46c438b6ad79928a7ca5"}
,"C:\\Users\\thiag\\first_project\\tasks\\src\\components\\ChangeType.tsx": {"path":"C:\\Users\\thiag\\first_project\\tasks\\src\\components\\ChangeType.tsx","statementMap":{"0":{"start":{"line":6,"column":44},"end":{"line":8,"column":5}},"1":{"start":{"line":10,"column":29},"end":{"line":16,"column":5}},"2":{"start":{"line":11,"column":8},"end":{"line":15,"column":10}},"3":{"start":{"line":18,"column":4},"end":{"line":29,"column":6}}},"fnMap":{"0":{"name":"ChangeType","decl":{"start":{"line":5,"column":16},"end":{"line":5,"column":26}},"loc":{"start":{"line":5,"column":42},"end":{"line":30,"column":1}},"line":5},"1":{"name":"(anonymous_1)","decl":{"start":{"line":10,"column":29},"end":{"line":10,"column":30}},"loc":{"start":{"line":10,"column":35},"end":{"line":16,"column":5}},"line":10}},"branchMap":{"0":{"loc":{"start":{"line":12,"column":12},"end":{"line":14,"column":41}},"type":"cond-expr","locations":[{"start":{"line":13,"column":18},"end":{"line":13,"column":44}},{"start":{"line":14,"column":18},"end":{"line":14,"column":41}}],"line":12},"1":{"loc":{"start":{"line":22,"column":13},"end":{"line":26,"column":13}},"type":"cond-expr","locations":[{"start":{"line":23,"column":16},"end":{"line":23,"column":38}},{"start":{"line":25,"column":16},"end":{"line":25,"column":35}}],"line":22}},"s":{"0":10,"1":10,"2":3,"3":10},"f":{"0":10,"1":3},"b":{"0":[2,1],"1":[2,8]},"_coverageSchema":"1a1c01bbd47fc00a2c39e90264f33305004495a9","hash":"f2f1e7848ba532529206c8b2ad4628d3d3e38d90"}
,"C:\\Users\\thiag\\first_project\\tasks\\src\\components\\Counter.tsx": {"path":"C:\\Users\\thiag\\first_project\\tasks\\src\\components\\Counter.tsx","statementMap":{"0":{"start":{"line":5,"column":30},"end":{"line":5,"column":49}},"1":{"start":{"line":6,"column":4},"end":{"line":11,"column":6}},"2":{"start":{"line":8,"column":35},"end":{"line":8,"column":54}}},"fnMap":{"0":{"name":"Counter","decl":{"start":{"line":4,"column":16},"end":{"line":4,"column":23}},"loc":{"start":{"line":4,"column":39},"end":{"line":12,"column":1}},"line":4},"1":{"name":"(anonymous_1)","decl":{"start":{"line":8,"column":29},"end":{"line":8,"column":30}},"loc":{"start":{"line":8,"column":35},"end":{"line":8,"column":54}},"line":8}},"branchMap":{},"s":{"0":10,"1":10,"2":3},"f":{"0":10,"1":3},"b":{},"_coverageSchema":"1a1c01bbd47fc00a2c39e90264f33305004495a9","hash":"06a4e51bb7872ba70d88f38cdc0bda5a1f9952b2"}
,"C:\\Users\\thiag\\first_project\\tasks\\src\\components\\CycleHoliday.tsx": {"path":"C:\\Users\\thiag\\first_project\\tasks\\src\\components\\CycleHoliday.tsx","statementMap":{"0":{"start":{"line":6,"column":48},"end":{"line":8,"column":5}},"1":{"start":{"line":10,"column":34},"end":{"line":12,"column":5}},"2":{"start":{"line":11,"column":8},"end":{"line":11,"column":72}},"3":{"start":{"line":14,"column":26},"end":{"line":16,"column":5}},"4":{"start":{"line":15,"column":8},"end":{"line":15,"column":64}},"5":{"start":{"line":18,"column":4},"end":{"line":25,"column":6}},"6":{"start":{"line":34,"column":47},"end":{"line":40,"column":1}},"7":{"start":{"line":42,"column":35},"end":{"line":48,"column":1}},"8":{"start":{"line":51,"column":25},"end":{"line":51,"column":57}},"9":{"start":{"line":52,"column":22},"end":{"line":52,"column":65}},"10":{"start":{"line":53,"column":4},"end":{"line":53,"column":38}},"11":{"start":{"line":56,"column":4},"end":{"line":69,"column":5}},"12":{"start":{"line":58,"column":12},"end":{"line":58,"column":28}},"13":{"start":{"line":60,"column":12},"end":{"line":60,"column":31}},"14":{"start":{"line":62,"column":12},"end":{"line":62,"column":34}},"15":{"start":{"line":64,"column":12},"end":{"line":64,"column":31}},"16":{"start":{"line":66,"column":12},"end":{"line":66,"column":42}},"17":{"start":{"line":68,"column":12},"end":{"line":68,"column":27}}},"fnMap":{"0":{"name":"CycleHoliday","decl":{"start":{"line":5,"column":16},"end":{"line":5,"column":28}},"loc":{"start":{"line":5,"column":44},"end":{"line":26,"column":1}},"line":5},"1":{"name":"(anonymous_1)","decl":{"start":{"line":10,"column":34},"end":{"line":10,"column":35}},"loc":{"start":{"line":10,"column":40},"end":{"line":12,"column":5}},"line":10},"2":{"name":"(anonymous_2)","decl":{"start":{"line":14,"column":26},"end":{"line":14,"column":27}},"loc":{"start":{"line":14,"column":32},"end":{"line":16,"column":5}},"line":14},"3":{"name":"getNextHolidayAlphabetically","decl":{"start":{"line":50,"column":9},"end":{"line":50,"column":37}},"loc":{"start":{"line":50,"column":65},"end":{"line":54,"column":1}},"line":50},"4":{"name":"getNextHolidayByYear","decl":{"start":{"line":55,"column":9},"end":{"line":55,"column":29}},"loc":{"start":{"line":55,"column":57},"end":{"line":70,"column":1}},"line":55}},"branchMap":{"0":{"loc":{"start":{"line":56,"column":4},"end":{"line":69,"column":5}},"type":"switch","locations":[{"start":{"line":57,"column":8},"end":{"line":58,"column":28}},{"start":{"line":59,"column":8},"end":{"line":60,"column":31}},{"start":{"line":61,"column":8},"end":{"line":62,"column":34}},{"start":{"line":63,"column":8},"end":{"line":64,"column":31}},{"start":{"line":65,"column":8},"end":{"line":66,"column":42}},{"start":{"line":67,"column":8},"end":{"line":68,"column":27}}],"line":56}},"s":{"0":18,"1":18,"2":6,"3":18,"4":6,"5":18,"6":3,"7":3,"8":6,"9":6,"10":6,"11":6,"12":2,"13":1,"14":1,"15":1,"16":1,"17":0},"f":{"0":18,"1":6,"2":6,"3":6,"4":6},"b":{"0":[2,1,1,1,1,0]},"_coverageSchema":"1a1c01bbd47fc00a2c39e90264f33305004495a9","hash":"214197cb7fc109f82e5e8d1ba9f2ca382e1247b9"}
,"C:\\Users\\thiag\\first_project\\tasks\\src\\components\\RevealAnswer.tsx": {"path":"C:\\Users\\thiag\\first_project\\tasks\\src\\components\\RevealAnswer.tsx","statementMap":{"0":{"start":{"line":5,"column":50},"end":{"line":5,"column":65}},"1":{"start":{"line":7,"column":31},"end":{"line":9,"column":5}},"2":{"start":{"line":8,"column":8},"end":{"line":8,"column":45}},"3":{"start":{"line":11,"column":4},"end":{"line":18,"column":6}}},"fnMap":{"0":{"name":"RevealAnswer","decl":{"start":{"line":4,"column":16},"end":{"line":4,"column":28}},"loc":{"start":{"line":4,"column":44},"end":{"line":19,"column":1}},"line":4},"1":{"name":"(anonymous_1)","decl":{"start":{"line":7,"column":31},"end":{"line":7,"column":32}},"loc":{"start":{"line":7,"column":37},"end":{"line":9,"column":5}},"line":7}},"branchMap":{"0":{"loc":{"start":{"line":15,"column":13},"end":{"line":15,"column":41}},"type":"binary-expr","locations":[{"start":{"line":15,"column":13},"end":{"line":15,"column":28}},{"start":{"line":15,"column":32},"end":{"line":15,"column":41}}],"line":15}},"s":{"0":9,"1":9,"2":3,"3":9},"f":{"0":9,"1":3},"b":{"0":[9,2]},"_coverageSchema":"1a1c01bbd47fc00a2c39e90264f33305004495a9","hash":"1a34b9debe270107940c3bda156a39ee0263ed73"}
,"C:\\Users\\thiag\\first_project\\tasks\\src\\components\\StartAttempt.tsx": {"path":"C:\\Users\\thiag\\first_project\\tasks\\src\\components\\StartAttempt.tsx","statementMap":{"0":{"start":{"line":5,"column":36},"end":{"line":5,"column":55}},"1":{"start":{"line":6,"column":48},"end":{"line":6,"column":72}},"2":{"start":{"line":7,"column":28},"end":{"line":12,"column":5}},"3":{"start":{"line":8,"column":8},"end":{"line":11,"column":9}},"4":{"start":{"line":9,"column":12},"end":{"line":9,"column":36}},"5":{"start":{"line":10,"column":12},"end":{"line":10,"column":38}},"6":{"start":{"line":13,"column":27},"end":{"line":15,"column":5}},"7":{"start":{"line":14,"column":8},"end":{"line":14,"column":33}},"8":{"start":{"line":16,"column":27},"end":{"line":18,"column":5}},"9":{"start":{"line":17,"column":8},"end":{"line":17,"column":34}},"10":{"start":{"line":19,"column":4},"end":{"line":41,"column":6}}},"fnMap":{"0":{"name":"StartAttempt","decl":{"start":{"line":4,"column":16},"end":{"line":4,"column":28}},"loc":{"start":{"line":4,"column":44},"end":{"line":42,"column":1}},"line":4},"1":{"name":"(anonymous_1)","decl":{"start":{"line":7,"column":28},"end":{"line":7,"column":29}},"loc":{"start":{"line":7,"column":34},"end":{"line":12,"column":5}},"line":7},"2":{"name":"(anonymous_2)","decl":{"start":{"line":13,"column":27},"end":{"line":13,"column":28}},"loc":{"start":{"line":13,"column":33},"end":{"line":15,"column":5}},"line":13},"3":{"name":"(anonymous_3)","decl":{"start":{"line":16,"column":27},"end":{"line":16,"column":28}},"loc":{"start":{"line":16,"column":33},"end":{"line":18,"column":5}},"line":16}},"branchMap":{"0":{"loc":{"start":{"line":8,"column":8},"end":{"line":11,"column":9}},"type":"if","locations":[{"start":{"line":8,"column":8},"end":{"line":11,"column":9}},{"start":{},"end":{}}],"line":8},"1":{"loc":{"start":{"line":23,"column":13},"end":{"line":27,"column":13}},"type":"cond-expr","locations":[{"start":{"line":24,"column":16},"end":{"line":24,"column":39}},{"start":{"line":26,"column":16},"end":{"line":26,"column":43}}],"line":23},"2":{"loc":{"start":{"line":30,"column":26},"end":{"line":30,"column":58}},"type":"binary-expr","locations":[{"start":{"line":30,"column":26},"end":{"line":30,"column":40}},{"start":{"line":30,"column":44},"end":{"line":30,"column":58}}],"line":30}},"s":{"0":66,"1":66,"2":66,"3":16,"4":16,"5":16,"6":66,"7":12,"8":66,"9":10,"10":66},"f":{"0":66,"1":16,"2":12,"3":10},"b":{"0":[16,0],"1":[16,50],"2":[66,50]},"_coverageSchema":"1a1c01bbd47fc00a2c39e90264f33305004495a9","hash":"8cfa34786f8250a9a755024d0290fd020433ae8c"}
,"C:\\Users\\thiag\\first_project\\tasks\\src\\components\\TwoDice.tsx": {"path":"C:\\Users\\thiag\\first_project\\tasks\\src\\components\\TwoDice.tsx","statementMap":{"0":{"start":{"line":11,"column":4},"end":{"line":11,"column":45}},"1":{"start":{"line":15,"column":34},"end":{"line":15,"column":53}},"2":{"start":{"line":16,"column":36},"end":{"line":16,"column":55}},"3":{"start":{"line":17,"column":40},"end":{"line":17,"column":60}},"4":{"start":{"line":19,"column":24},"end":{"line":23,"column":5}},"5":{"start":{"line":20,"column":25},"end":{"line":20,"column":29}},"6":{"start":{"line":21,"column":8},"end":{"line":21,"column":29}},"7":{"start":{"line":22,"column":8},"end":{"line":22,"column":44}},"8":{"start":{"line":25,"column":25},"end":{"line":29,"column":5}},"9":{"start":{"line":26,"column":25},"end":{"line":26,"column":29}},"10":{"start":{"line":27,"column":8},"end":{"line":27,"column":30}},"11":{"start":{"line":28,"column":8},"end":{"line":28,"column":43}},"12":{"start":{"line":31,"column":28},"end":{"line":39,"column":5}},"13":{"start":{"line":32,"column":8},"end":{"line":38,"column":9}},"14":{"start":{"line":33,"column":12},"end":{"line":33,"column":51}},"15":{"start":{"line":34,"column":15},"end":{"line":38,"column":9}},"16":{"start":{"line":35,"column":12},"end":{"line":35,"column":55}},"17":{"start":{"line":37,"column":12},"end":{"line":37,"column":30}},"18":{"start":{"line":41,"column":4},"end":{"line":58,"column":6}}},"fnMap":{"0":{"name":"d6","decl":{"start":{"line":10,"column":16},"end":{"line":10,"column":18}},"loc":{"start":{"line":10,"column":29},"end":{"line":12,"column":1}},"line":10},"1":{"name":"TwoDice","decl":{"start":{"line":14,"column":16},"end":{"line":14,"column":23}},"loc":{"start":{"line":14,"column":39},"end":{"line":59,"column":1}},"line":14},"2":{"name":"(anonymous_2)","decl":{"start":{"line":19,"column":24},"end":{"line":19,"column":25}},"loc":{"start":{"line":19,"column":30},"end":{"line":23,"column":5}},"line":19},"3":{"name":"(anonymous_3)","decl":{"start":{"line":25,"column":25},"end":{"line":25,"column":26}},"loc":{"start":{"line":25,"column":31},"end":{"line":29,"column":5}},"line":25},"4":{"name":"(anonymous_4)","decl":{"start":{"line":31,"column":28},"end":{"line":31,"column":29}},"loc":{"start":{"line":31,"column":71},"end":{"line":39,"column":5}},"line":31}},"branchMap":{"0":{"loc":{"start":{"line":32,"column":8},"end":{"line":38,"column":9}},"type":"if","locations":[{"start":{"line":32,"column":8},"end":{"line":38,"column":9}},{"start":{"line":34,"column":15},"end":{"line":38,"column":9}}],"line":32},"1":{"loc":{"start":{"line":32,"column":12},"end":{"line":32,"column":47}},"type":"binary-expr","locations":[{"start":{"line":32,"column":12},"end":{"line":32,"column":27}},{"start":{"line":32,"column":31},"end":{"line":32,"column":47}}],"line":32},"2":{"loc":{"start":{"line":34,"column":15},"end":{"line":38,"column":9}},"type":"if","locations":[{"start":{"line":34,"column":15},"end":{"line":38,"column":9}},{"start":{"line":36,"column":15},"end":{"line":38,"column":9}}],"line":34},"3":{"loc":{"start":{"line":56,"column":13},"end":{"line":56,"column":46}},"type":"binary-expr","locations":[{"start":{"line":56,"column":13},"end":{"line":56,"column":23}},{"start":{"line":56,"column":27},"end":{"line":56,"column":46}}],"line":56}},"s":{"0":17,"1":27,"2":27,"3":27,"4":27,"5":8,"6":8,"7":8,"8":27,"9":9,"10":9,"11":9,"12":27,"13":17,"14":1,"15":16,"16":1,"17":15,"18":27},"f":{"0":17,"1":27,"2":8,"3":9,"4":17},"b":{"0":[1,16],"1":[17,9],"2":[1,15],"3":[27,2]},"_coverageSchema":"1a1c01bbd47fc00a2c39e90264f33305004495a9","hash":"4de0d1406ee34796fa133aa7ef3fda0da8804da5"}
,"C:\\Users\\thiag\\first_project\\tasks\\src\\form-components\\ChangeColor.tsx": {"path":"C:\\Users\\thiag\\first_project\\tasks\\src\\form-components\\ChangeColor.tsx","statementMap":{"0":{"start":{"line":3,"column":15},"end":{"line":12,"column":1}},"1":{"start":{"line":15,"column":46},"end":{"line":15,"column":73}},"2":{"start":{"line":16,"column":30},"end":{"line":18,"column":5}},"3":{"start":{"line":17,"column":8},"end":{"line":17,"column":32}},"4":{"start":{"line":19,"column":4},"end":{"line":47,"column":6}},"5":{"start":{"line":24,"column":20},"end":{"line":32,"column":22}},"6":{"start":{"line":31,"column":40},"end":{"line":31,"column":64}}},"fnMap":{"0":{"name":"ChangeColor","decl":{"start":{"line":14,"column":16},"end":{"line":14,"column":27}},"loc":{"start":{"line":14,"column":43},"end":{"line":48,"column":1}},"line":14},"1":{"name":"(anonymous_1)","decl":{"start":{"line":16,"column":30},"end":{"line":16,"column":31}},"loc":{"start":{"line":16,"column":49},"end":{"line":18,"column":5}},"line":16},"2":{"name":"(anonymous_2)","decl":{"start":{"line":23,"column":28},"end":{"line":23,"column":29}},"loc":{"start":{"line":24,"column":20},"end":{"line":32,"column":22}},"line":24},"3":{"name":"(anonymous_3)","decl":{"start":{"line":31,"column":34},"end":{"line":31,"column":35}},"loc":{"start":{"line":31,"column":40},"end":{"line":31,"column":64}},"line":31}},"branchMap":{},"s":{"0":3,"1":7,"2":7,"3":3,"4":7,"5":56,"6":3},"f":{"0":7,"1":3,"2":56,"3":3},"b":{},"_coverageSchema":"1a1c01bbd47fc00a2c39e90264f33305004495a9","hash":"f0f6c79b1867cb135b635240573ffaad2529408f"}
,"C:\\Users\\thiag\\first_project\\tasks\\src\\form-components\\CheckAnswer.tsx": {"path":"C:\\Users\\thiag\\first_project\\tasks\\src\\form-components\\CheckAnswer.tsx","statementMap":{"0":{"start":{"line":8,"column":40},"end":{"line":8,"column":60}},"1":{"start":{"line":10,"column":25},"end":{"line":12,"column":5}},"2":{"start":{"line":11,"column":8},"end":{"line":11,"column":42}},"3":{"start":{"line":14,"column":4},"end":{"line":30,"column":6}}},"fnMap":{"0":{"name":"CheckAnswer","decl":{"start":{"line":3,"column":16},"end":{"line":3,"column":27}},"loc":{"start":{"line":7,"column":16},"end":{"line":31,"column":1}},"line":7},"1":{"name":"(anonymous_1)","decl":{"start":{"line":10,"column":25},"end":{"line":10,"column":26}},"loc":{"start":{"line":10,"column":73},"end":{"line":12,"column":5}},"line":10}},"branchMap":{"0":{"loc":{"start":{"line":24,"column":13},"end":{"line":28,"column":13}},"type":"cond-expr","locations":[{"start":{"line":25,"column":16},"end":{"line":25,"column":40}},{"start":{"line":27,"column":16},"end":{"line":27,"column":41}}],"line":24}},"s":{"0":19,"1":19,"2":11,"3":19},"f":{"0":19,"1":11},"b":{"0":[2,17]},"_coverageSchema":"1a1c01bbd47fc00a2c39e90264f33305004495a9","hash":"9a272b8ac30f5129da84161d474e7608829ea83f"}
,"C:\\Users\\thiag\\first_project\\tasks\\src\\form-components\\EditMode.tsx": {"path":"C:\\Users\\thiag\\first_project\\tasks\\src\\form-components\\EditMode.tsx","statementMap":{"0":{"start":{"line":4,"column":36},"end":{"line":4,"column":60}},"1":{"start":{"line":5,"column":36},"end":{"line":5,"column":65}},"2":{"start":{"line":6,"column":38},"end":{"line":6,"column":61}},"3":{"start":{"line":8,"column":33},"end":{"line":10,"column":5}},"4":{"start":{"line":9,"column":8},"end":{"line":9,"column":31}},"5":{"start":{"line":11,"column":29},"end":{"line":13,"column":5}},"6":{"start":{"line":12,"column":8},"end":{"line":12,"column":40}},"7":{"start":{"line":14,"column":32},"end":{"line":16,"column":5}},"8":{"start":{"line":15,"column":8},"end":{"line":15,"column":33}},"9":{"start":{"line":17,"column":4},"end":{"line":47,"column":6}},"10":{"start":{"line":53,"column":4},"end":{"line":62,"column":6}}},"fnMap":{"0":{"name":"EditMode","decl":{"start":{"line":3,"column":16},"end":{"line":3,"column":24}},"loc":{"start":{"line":3,"column":40},"end":{"line":48,"column":1}},"line":3},"1":{"name":"(anonymous_1)","decl":{"start":{"line":8,"column":33},"end":{"line":8,"column":34}},"loc":{"start":{"line":8,"column":39},"end":{"line":10,"column":5}},"line":8},"2":{"name":"(anonymous_2)","decl":{"start":{"line":11,"column":29},"end":{"line":11,"column":30}},"loc":{"start":{"line":11,"column":77},"end":{"line":13,"column":5}},"line":11},"3":{"name":"(anonymous_3)","decl":{"start":{"line":14,"column":32},"end":{"line":14,"column":33}},"loc":{"start":{"line":14,"column":38},"end":{"line":16,"column":5}},"line":14},"4":{"name":"Switch","decl":{"start":{"line":49,"column":9},"end":{"line":49,"column":15}},"loc":{"start":{"line":52,"column":16},"end":{"line":63,"column":1}},"line":52}},"branchMap":{"0":{"loc":{"start":{"line":21,"column":13},"end":{"line":45,"column":13}},"type":"cond-expr","locations":[{"start":{"line":22,"column":16},"end":{"line":37,"column":22}},{"start":{"line":39,"column":16},"end":{"line":44,"column":22}}],"line":21},"1":{"loc":{"start":{"line":42,"column":25},"end":{"line":42,"column":66}},"type":"cond-expr","locations":[{"start":{"line":42,"column":37},"end":{"line":42,"column":48}},{"start":{"line":42,"column":51},"end":{"line":42,"column":66}}],"line":42}},"s":{"0":38,"1":38,"2":38,"3":38,"4":5,"5":38,"6":23,"7":38,"8":3,"9":38,"10":38},"f":{"0":38,"1":5,"2":23,"3":3,"4":38},"b":{"0":[29,9],"1":[8,1]},"_coverageSchema":"1a1c01bbd47fc00a2c39e90264f33305004495a9","hash":"cac8fda70b10799b96d30df5606d73d20ddf5030"}
,"C:\\Users\\thiag\\first_project\\tasks\\src\\form-components\\GiveAttempts.tsx": {"path":"C:\\Users\\thiag\\first_project\\tasks\\src\\form-components\\GiveAttempts.tsx","statementMap":{"0":{"start":{"line":4,"column":44},"end":{"line":4,"column":63}},"1":{"start":{"line":5,"column":54},"end":{"line":5,"column":74}},"2":{"start":{"line":6,"column":29},"end":{"line":10,"column":5}},"3":{"start":{"line":7,"column":8},"end":{"line":9,"column":9}},"4":{"start":{"line":8,"column":12},"end":{"line":8,"column":46}},"5":{"start":{"line":11,"column":31},"end":{"line":17,"column":5}},"6":{"start":{"line":12,"column":31},"end":{"line":12,"column":58}},"7":{"start":{"line":13,"column":8},"end":{"line":16,"column":9}},"8":{"start":{"line":14,"column":12},"end":{"line":14,"column":59}},"9":{"start":{"line":15,"column":12},"end":{"line":15,"column":37}},"10":{"start":{"line":18,"column":25},"end":{"line":20,"column":5}},"11":{"start":{"line":19,"column":8},"end":{"line":19,"column":49}},"12":{"start":{"line":21,"column":4},"end":{"line":36,"column":6}}},"fnMap":{"0":{"name":"GiveAttempts","decl":{"start":{"line":3,"column":16},"end":{"line":3,"column":28}},"loc":{"start":{"line":3,"column":44},"end":{"line":37,"column":1}},"line":3},"1":{"name":"(anonymous_1)","decl":{"start":{"line":6,"column":29},"end":{"line":6,"column":30}},"loc":{"start":{"line":6,"column":35},"end":{"line":10,"column":5}},"line":6},"2":{"name":"(anonymous_2)","decl":{"start":{"line":11,"column":31},"end":{"line":11,"column":32}},"loc":{"start":{"line":11,"column":37},"end":{"line":17,"column":5}},"line":11},"3":{"name":"(anonymous_3)","decl":{"start":{"line":18,"column":25},"end":{"line":18,"column":26}},"loc":{"start":{"line":18,"column":73},"end":{"line":20,"column":5}},"line":18}},"branchMap":{"0":{"loc":{"start":{"line":7,"column":8},"end":{"line":9,"column":9}},"type":"if","locations":[{"start":{"line":7,"column":8},"end":{"line":9,"column":9}},{"start":{},"end":{}}],"line":7},"1":{"loc":{"start":{"line":13,"column":8},"end":{"line":16,"column":9}},"type":"if","locations":[{"start":{"line":13,"column":8},"end":{"line":16,"column":9}},{"start":{},"end":{}}],"line":13},"2":{"loc":{"start":{"line":13,"column":12},"end":{"line":13,"column":56}},"type":"binary-expr","locations":[{"start":{"line":13,"column":12},"end":{"line":13,"column":34}},{"start":{"line":13,"column":38},"end":{"line":13,"column":56}}],"line":13}},"s":{"0":17,"1":17,"2":17,"3":3,"4":3,"5":17,"6":3,"7":3,"8":2,"9":2,"10":17,"11":5,"12":17},"f":{"0":17,"1":3,"2":3,"3":5},"b":{"0":[3,0],"1":[2,1],"2":[3,2]},"_coverageSchema":"1a1c01bbd47fc00a2c39e90264f33305004495a9","hash":"aeef12534255c54a52986f15c1218f495dbb33e3"}
,"C:\\Users\\thiag\\first_project\\tasks\\src\\form-components\\MultipleChoiceQuestion.tsx": {"path":"C:\\Users\\thiag\\first_project\\tasks\\src\\form-components\\MultipleChoiceQuestion.tsx","statementMap":{"0":{"start":{"line":10,"column":48},"end":{"line":10,"column":76}},"1":{"start":{"line":11,"column":22},"end":{"line":11,"column":55}},"2":{"start":{"line":12,"column":31},"end":{"line":16,"column":5}},"3":{"start":{"line":15,"column":8},"end":{"line":15,"column":46}},"4":{"start":{"line":17,"column":4},"end":{"line":32,"column":6}},"5":{"start":{"line":22,"column":20},"end":{"line":24,"column":29}}},"fnMap":{"0":{"name":"MultipleChoiceQuestion","decl":{"start":{"line":3,"column":16},"end":{"line":3,"column":38}},"loc":{"start":{"line":9,"column":16},"end":{"line":33,"column":1}},"line":9},"1":{"name":"(anonymous_1)","decl":{"start":{"line":12,"column":31},"end":{"line":12,"column":32}},"loc":{"start":{"line":14,"column":9},"end":{"line":16,"column":5}},"line":14},"2":{"name":"(anonymous_2)","decl":{"start":{"line":21,"column":29},"end":{"line":21,"column":30}},"loc":{"start":{"line":22,"column":20},"end":{"line":24,"column":29}},"line":22}},"branchMap":{"0":{"loc":{"start":{"line":28,"column":17},"end":{"line":28,"column":39}},"type":"cond-expr","locations":[{"start":{"line":28,"column":29},"end":{"line":28,"column":33}},{"start":{"line":28,"column":36},"end":{"line":28,"column":39}}],"line":28},"1":{"loc":{"start":{"line":29,"column":17},"end":{"line":29,"column":52}},"type":"cond-expr","locations":[{"start":{"line":29,"column":29},"end":{"line":29,"column":38}},{"start":{"line":29,"column":41},"end":{"line":29,"column":52}}],"line":29}},"s":{"0":12,"1":12,"2":12,"3":5,"4":12,"5":34},"f":{"0":12,"1":5,"2":34},"b":{"0":[4,8],"1":[4,8]},"_coverageSchema":"1a1c01bbd47fc00a2c39e90264f33305004495a9","hash":"b916f781f2743b3444047f2bd1b80ee034c583ec"}
,"C:\\Users\\thiag\\first_project\\tasks\\src\\interfaces\\answer.ts": {"path":"C:\\Users\\thiag\\first_project\\tasks\\src\\interfaces\\answer.ts","statementMap":{},"fnMap":{},"branchMap":{},"s":{},"f":{},"b":{}}
,"C:\\Users\\thiag\\first_project\\tasks\\src\\interfaces\\question.ts": {"path":"C:\\Users\\thiag\\first_project\\tasks\\src\\interfaces\\question.ts","statementMap":{},"fnMap":{},"branchMap":{},"s":{},"f":{},"b":{}}
}
