TN:
SF:src\App.tsx
FN:19,App
FNF:1
FNH:1
FNDA:2,App
DA:20,2
LF:1
LH:1
BRF:0
BRH:0
end_of_record
TN:
SF:src\arrays.ts
FN:7,bookEndList
FN:21,tripleNumbers
FN:22,(anonymous_2)
FN:30,stringsToIntegers
FN:31,(anonymous_4)
FN:46,(anonymous_5)
FN:47,(anonymous_6)
FN:58,(anonymous_7)
FN:60,(anonymous_8)
FN:61,(anonymous_9)
FN:70,countShortWords
FN:71,(anonymous_11)
FN:80,allRGB
FN:84,(anonymous_13)
FN:94,makeMath
FN:96,(anonymous_15)
FN:134,injectPositive
FN:138,(anonymous_17)
FNF:18
FNH:18
FNDA:6,bookEndList
FNDA:6,tripleNumbers
FNDA:17,(anonymous_2)
FNDA:15,stringsToIntegers
FNDA:40,(anonymous_4)
FNDA:8,(anonymous_5)
FNDA:22,(anonymous_6)
FNDA:6,(anonymous_7)
FNDA:20,(anonymous_8)
FNDA:15,(anonymous_9)
FNDA:6,countShortWords
FNDA:22,(anonymous_11)
FNDA:9,allRGB
FNDA:19,(anonymous_13)
FNDA:5,makeMath
FNDA:12,(anonymous_15)
FNDA:7,injectPositive
FNDA:22,(anonymous_17)
DA:8,6
DA:9,1
DA:10,5
DA:11,1
DA:13,4
DA:22,17
DA:23,6
DA:31,15
DA:32,40
DA:33,40
DA:36,15
DA:46,1
DA:47,8
DA:48,22
DA:50,8
DA:58,1
DA:59,6
DA:60,20
DA:61,15
DA:63,6
DA:71,22
DA:72,6
DA:81,9
DA:82,1
DA:84,19
DA:95,5
DA:96,12
DA:99,5
DA:100,1
DA:102,4
DA:103,4
DA:135,7
DA:136,7
DA:138,7
DA:139,22
DA:140,2
DA:141,2
DA:143,20
DA:144,20
DA:148,7
DA:149,5
DA:152,7
LF:42
LH:42
BRDA:8,0,0,1
BRDA:8,0,1,5
BRDA:10,1,0,1
BRDA:10,1,1,4
BRDA:33,2,0,13
BRDA:33,2,1,27
BRDA:61,3,0,8
BRDA:61,3,1,7
BRDA:81,4,0,1
BRDA:81,4,1,8
BRDA:99,5,0,1
BRDA:99,5,1,4
BRDA:139,6,0,2
BRDA:139,6,1,20
BRDA:139,7,0,22
BRDA:139,7,1,3
BRDA:148,8,0,5
BRDA:148,8,1,2
BRF:18
BRH:18
end_of_record
TN:
SF:src\functions.ts
FN:6,fahrenheitToCelius
FN:14,add3
FN:31,shout
FN:39,isQuestion
FN:48,convertYesNo
FNF:5
FNH:5
FNDA:7,fahrenheitToCelius
FNDA:6,add3
FNDA:6,shout
FNDA:7,isQuestion
FNDA:9,convertYesNo
DA:7,7
DA:15,6
DA:16,6
DA:17,4
DA:19,6
DA:20,3
DA:22,6
DA:23,4
DA:25,6
DA:32,6
DA:40,7
DA:49,9
DA:50,2
DA:51,7
DA:52,2
DA:54,5
LF:16
LH:16
BRDA:16,0,0,4
BRDA:16,0,1,2
BRDA:19,1,0,3
BRDA:19,1,1,3
BRDA:22,2,0,4
BRDA:22,2,1,2
BRDA:40,3,0,3
BRDA:40,3,1,4
BRDA:49,4,0,2
BRDA:49,4,1,7
BRDA:49,5,0,9
BRDA:49,5,1,8
BRDA:51,6,0,2
BRDA:51,6,1,5
BRDA:51,7,0,7
BRDA:51,7,1,6
BRF:16
BRH:16
end_of_record
TN:
SF:src\nested.ts
FN:8,getPublishedQuestions
FN:9,(anonymous_1)
FN:17,getNonEmptyQuestions
FN:19,(anonymous_3)
FN:30,findQuestion
FN:34,(anonymous_5)
FN:41,removeQuestion
FN:42,(anonymous_7)
FN:49,getNames
FN:50,(anonymous_9)
FN:57,sumPoints
FN:58,(anonymous_11)
FN:64,sumPublishedPoints
FN:66,(anonymous_13)
FN:67,(anonymous_14)
FN:87,toCSV
FN:89,(anonymous_16)
FN:102,makeAnswers
FN:103,(anonymous_18)
FN:115,publishAll
FN:116,(anonymous_20)
FN:123,sameType
FN:128,(anonymous_22)
FN:138,addNewQuestion
FN:153,renameQuestionById
FN:158,(anonymous_25)
FN:170,changeQuestionTypeById
FN:175,(anonymous_27)
FN:198,editOption
FN:204,(anonymous_29)
FN:228,duplicateQuestionInArray
FN:233,(anonymous_31)
FNF:32
FNH:32
FNDA:5,getPublishedQuestions
FNDA:20,(anonymous_1)
FNDA:5,getNonEmptyQuestions
FNDA:20,(anonymous_3)
FNDA:11,findQuestion
FNDA:24,(anonymous_5)
FNDA:5,removeQuestion
FNDA:17,(anonymous_7)
FNDA:5,getNames
FNDA:20,(anonymous_9)
FNDA:5,sumPoints
FNDA:20,(anonymous_11)
FNDA:5,sumPublishedPoints
FNDA:20,(anonymous_13)
FNDA:11,(anonymous_14)
FNDA:5,toCSV
FNDA:20,(anonymous_16)
FNDA:5,makeAnswers
FNDA:20,(anonymous_18)
FNDA:5,publishAll
FNDA:20,(anonymous_20)
FNDA:6,sameType
FNDA:17,(anonymous_22)
FNDA:3,addNewQuestion
FNDA:3,renameQuestionById
FNDA:10,(anonymous_25)
FNDA:4,changeQuestionTypeById
FNDA:12,(anonymous_27)
FNDA:5,editOption
FNDA:18,(anonymous_29)
FNDA:3,duplicateQuestionInArray
FNDA:9,(anonymous_31)
DA:9,20
DA:18,5
DA:20,20
DA:34,24
DA:42,17
DA:50,20
DA:51,5
DA:58,20
DA:65,5
DA:66,20
DA:67,11
DA:88,5
DA:89,5
DA:90,20
DA:91,20
DA:93,5
DA:94,5
DA:103,20
DA:116,20
DA:124,6
DA:125,1
DA:127,5
DA:128,17
DA:144,3
DA:145,3
DA:158,3
DA:159,10
DA:175,4
DA:176,12
DA:177,4
DA:178,3
DA:180,1
DA:183,8
DA:204,5
DA:205,18
DA:206,5
DA:207,5
DA:208,3
DA:209,2
DA:213,2
DA:215,5
DA:217,13
DA:233,3
DA:234,9
DA:235,3
DA:236,3
DA:238,6
LF:47
LH:47
BRDA:20,0,0,20
BRDA:20,0,1,6
BRDA:20,0,2,4
BRDA:34,1,0,11
BRDA:34,1,1,3
BRDA:124,2,0,1
BRDA:124,2,1,5
BRDA:159,3,0,3
BRDA:159,3,1,7
BRDA:176,4,0,4
BRDA:176,4,1,8
BRDA:177,5,0,3
BRDA:177,5,1,1
BRDA:205,6,0,5
BRDA:205,6,1,13
BRDA:207,7,0,3
BRDA:207,7,1,2
BRDA:209,8,0,2
BRDA:209,8,1,0
BRDA:210,9,0,2
BRDA:210,9,1,2
BRDA:234,10,0,3
BRDA:234,10,1,6
BRF:23
BRH:22
end_of_record
TN:
SF:src\objects.ts
FN:8,makeBlankQuestion
FN:33,isCorrect
FN:45,isValid
FN:61,toShortForm
FN:84,toMarkdown
FN:92,(anonymous_5)
FN:102,renameQuestion
FN:112,publishQuestion
FN:126,duplicateQuestion
FN:147,addOption
FN:163,mergeQuestion
FNF:11
FNH:11
FNDA:6,makeBlankQuestion
FNDA:14,isCorrect
FNDA:18,isValid
FNDA:5,toShortForm
FNDA:4,toMarkdown
FNDA:6,(anonymous_5)
FNDA:2,renameQuestion
FNDA:4,publishQuestion
FNDA:5,duplicateQuestion
FNDA:2,addOption
FNDA:2,mergeQuestion
DA:13,6
DA:23,6
DA:34,14
DA:35,14
DA:36,14
DA:46,18
DA:47,8
DA:48,10
DA:49,10
DA:51,0
DA:62,5
DA:63,5
DA:85,4
DA:86,4
DA:87,4
DA:88,4
DA:92,6
DA:94,4
DA:95,4
DA:103,2
DA:104,2
DA:113,4
DA:117,4
DA:127,5
DA:137,5
DA:148,2
DA:152,2
DA:169,2
DA:179,2
LF:29
LH:28
BRDA:46,0,0,8
BRDA:46,0,1,10
BRDA:48,1,0,10
BRDA:48,1,1,0
BRDA:88,2,0,2
BRDA:88,2,1,2
BRDA:89,3,0,4
BRDA:89,3,1,2
BRF:8
BRH:7
end_of_record
TN:
SF:src\bad-components\ChooseTeam.tsx
FN:13,ChooseTeam
FN:17,chooseMember
FN:24,clearTeam
FN:33,(anonymous_3)
FN:37,(anonymous_4)
FN:47,(anonymous_5)
FNF:6
FNH:6
FNDA:18,ChooseTeam
FNDA:9,chooseMember
FNDA:1,clearTeam
FNDA:108,(anonymous_3)
FNDA:9,(anonymous_4)
FNDA:15,(anonymous_5)
DA:4,3
DA:14,18
DA:15,18
DA:18,9
DA:19,9
DA:20,9
DA:25,1
DA:28,18
DA:34,108
DA:37,9
DA:48,15
LF:11
LH:11
BRDA:18,0,0,9
BRDA:18,0,1,0
BRF:2
BRH:1
end_of_record
TN:
SF:src\bad-components\ColoredBox.tsx
FN:12,ChangeColor
FN:15,(anonymous_1)
FN:24,ColorPreview
FN:40,ColoredBox
FNF:4
FNH:4
FNDA:8,ChangeColor
FNDA:3,(anonymous_1)
FNDA:8,ColorPreview
FNDA:8,ColoredBox
DA:4,3
DA:5,3
DA:13,8
DA:16,3
DA:25,8
DA:41,8
DA:42,8
LF:7
LH:7
BRF:0
BRH:0
end_of_record
TN:
SF:src\bad-components\DoubleHalf.tsx
FN:4,DoubleHalf
FN:6,Doubler
FN:7,(anonymous_2)
FN:9,Halver
FN:10,(anonymous_4)
FNF:5
FNH:5
FNDA:13,DoubleHalf
FNDA:3,Doubler
FNDA:3,(anonymous_2)
FNDA:5,Halver
FNDA:5,(anonymous_4)
DA:5,13
DA:7,3
DA:10,5
DA:12,13
LF:4
LH:4
BRF:0
BRH:0
end_of_record
TN:
SF:src\bad-components\DoubleHalfState.tsx
FNF:0
FNH:0
DA:3,0
LF:1
LH:0
BRF:0
BRH:0
end_of_record
TN:
SF:src\bad-components\ShoveBox.tsx
FN:4,ShoveBoxButton
FN:11,(anonymous_1)
FN:18,MoveableBox
FN:35,ShoveBox
FNF:4
FNH:4
FNDA:8,ShoveBoxButton
FNDA:3,(anonymous_1)
FNDA:8,MoveableBox
FNDA:8,ShoveBox
DA:11,8
DA:12,3
DA:15,8
DA:19,8
DA:36,8
DA:38,8
LF:6
LH:6
BRF:0
BRH:0
end_of_record
TN:
SF:src\components\ChangeType.tsx
FN:5,ChangeType
FN:10,(anonymous_1)
FNF:2
FNH:2
FNDA:10,ChangeType
FNDA:3,(anonymous_1)
DA:6,10
DA:10,10
DA:11,3
DA:18,10
LF:4
LH:4
BRDA:12,0,0,2
BRDA:12,0,1,1
BRDA:22,1,0,2
BRDA:22,1,1,8
BRF:4
BRH:4
end_of_record
TN:
SF:src\components\Counter.tsx
FN:4,Counter
FN:8,(anonymous_1)
FNF:2
FNH:2
FNDA:10,Counter
FNDA:3,(anonymous_1)
DA:5,10
DA:6,10
DA:8,3
LF:3
LH:3
BRF:0
BRH:0
end_of_record
TN:
SF:src\components\CycleHoliday.tsx
FN:5,CycleHoliday
FN:10,(anonymous_1)
FN:14,(anonymous_2)
FN:50,getNextHolidayAlphabetically
FN:55,getNextHolidayByYear
FNF:5
FNH:5
FNDA:18,CycleHoliday
FNDA:6,(anonymous_1)
FNDA:6,(anonymous_2)
FNDA:6,getNextHolidayAlphabetically
FNDA:6,getNextHolidayByYear
DA:6,18
DA:10,18
DA:11,6
DA:14,18
DA:15,6
DA:18,18
DA:34,3
DA:42,3
DA:51,6
DA:52,6
DA:53,6
DA:56,6
DA:58,2
DA:60,1
DA:62,1
DA:64,1
DA:66,1
DA:68,0
LF:18
LH:17
BRDA:56,0,0,2
BRDA:56,0,1,1
BRDA:56,0,2,1
BRDA:56,0,3,1
BRDA:56,0,4,1
BRDA:56,0,5,0
BRF:6
BRH:5
end_of_record
TN:
SF:src\components\RevealAnswer.tsx
FN:4,RevealAnswer
FN:7,(anonymous_1)
FNF:2
FNH:2
FNDA:9,RevealAnswer
FNDA:3,(anonymous_1)
DA:5,9
DA:7,9
DA:8,3
DA:11,9
LF:4
LH:4
BRDA:15,0,0,9
BRDA:15,0,1,2
BRF:2
BRH:2
end_of_record
TN:
SF:src\components\StartAttempt.tsx
FN:4,StartAttempt
FN:7,(anonymous_1)
FN:13,(anonymous_2)
FN:16,(anonymous_3)
FNF:4
FNH:4
FNDA:66,StartAttempt
FNDA:16,(anonymous_1)
FNDA:12,(anonymous_2)
FNDA:10,(anonymous_3)
DA:5,66
DA:6,66
DA:7,66
DA:8,16
DA:9,16
DA:10,16
DA:13,66
DA:14,12
DA:16,66
DA:17,10
DA:19,66
LF:11
LH:11
BRDA:8,0,0,16
BRDA:8,0,1,0
BRDA:23,1,0,16
BRDA:23,1,1,50
BRDA:30,2,0,66
BRDA:30,2,1,50
BRF:6
BRH:5
end_of_record
TN:
SF:src\components\TwoDice.tsx
FN:10,d6
FN:14,TwoDice
FN:19,(anonymous_2)
FN:25,(anonymous_3)
FN:31,(anonymous_4)
FNF:5
FNH:5
FNDA:17,d6
FNDA:27,TwoDice
FNDA:8,(anonymous_2)
FNDA:9,(anonymous_3)
FNDA:17,(anonymous_4)
DA:11,17
DA:15,27
DA:16,27
DA:17,27
DA:19,27
DA:20,8
DA:21,8
DA:22,8
DA:25,27
DA:26,9
DA:27,9
DA:28,9
DA:31,27
DA:32,17
DA:33,1
DA:34,16
DA:35,1
DA:37,15
DA:41,27
LF:19
LH:19
BRDA:32,0,0,1
BRDA:32,0,1,16
BRDA:32,1,0,17
BRDA:32,1,1,9
BRDA:34,2,0,1
BRDA:34,2,1,15
BRDA:56,3,0,27
BRDA:56,3,1,2
BRF:8
BRH:8
end_of_record
TN:
SF:src\form-components\ChangeColor.tsx
FN:14,ChangeColor
FN:16,(anonymous_1)
FN:23,(anonymous_2)
FN:31,(anonymous_3)
FNF:4
FNH:4
FNDA:7,ChangeColor
FNDA:3,(anonymous_1)
FNDA:56,(anonymous_2)
FNDA:3,(anonymous_3)
DA:3,3
DA:15,7
DA:16,7
DA:17,3
DA:19,7
DA:24,56
DA:31,3
LF:7
LH:7
BRF:0
BRH:0
end_of_record
TN:
SF:src\form-components\CheckAnswer.tsx
FN:3,CheckAnswer
FN:10,(anonymous_1)
FNF:2
FNH:2
FNDA:19,CheckAnswer
FNDA:11,(anonymous_1)
DA:8,19
DA:10,19
DA:11,11
DA:14,19
LF:4
LH:4
BRDA:24,0,0,2
BRDA:24,0,1,17
BRF:2
BRH:2
end_of_record
TN:
SF:src\form-components\EditMode.tsx
FN:3,EditMode
FN:8,(anonymous_1)
FN:11,(anonymous_2)
FN:14,(anonymous_3)
FN:49,Switch
FNF:5
FNH:5
FNDA:38,EditMode
FNDA:5,(anonymous_1)
FNDA:23,(anonymous_2)
FNDA:3,(anonymous_3)
FNDA:38,Switch
DA:4,38
DA:5,38
DA:6,38
DA:8,38
DA:9,5
DA:11,38
DA:12,23
DA:14,38
DA:15,3
DA:17,38
DA:53,38
LF:11
LH:11
BRDA:21,0,0,29
BRDA:21,0,1,9
BRDA:42,1,0,8
BRDA:42,1,1,1
BRF:4
BRH:4
end_of_record
TN:
SF:src\form-components\GiveAttempts.tsx
FN:3,GiveAttempts
FN:6,(anonymous_1)
FN:11,(anonymous_2)
FN:18,(anonymous_3)
FNF:4
FNH:4
FNDA:17,GiveAttempts
FNDA:3,(anonymous_1)
FNDA:3,(anonymous_2)
FNDA:5,(anonymous_3)
DA:4,17
DA:5,17
DA:6,17
DA:7,3
DA:8,3
DA:11,17
DA:12,3
DA:13,3
DA:14,2
DA:15,2
DA:18,17
DA:19,5
DA:21,17
LF:13
LH:13
BRDA:7,0,0,3
BRDA:7,0,1,0
BRDA:13,1,0,2
BRDA:13,1,1,1
BRDA:13,2,0,3
BRDA:13,2,1,2
BRF:6
BRH:5
end_of_record
TN:
SF:src\form-components\MultipleChoiceQuestion.tsx
FN:3,MultipleChoiceQuestion
FN:12,(anonymous_1)
FN:21,(anonymous_2)
FNF:3
FNH:3
FNDA:12,MultipleChoiceQuestion
FNDA:5,(anonymous_1)
FNDA:34,(anonymous_2)
DA:10,12
DA:11,12
DA:12,12
DA:15,5
DA:17,12
DA:22,34
LF:6
LH:6
BRDA:28,0,0,4
BRDA:28,0,1,8
BRDA:29,1,0,4
BRDA:29,1,1,8
BRF:4
BRH:4
end_of_record
TN:
SF:src\interfaces\answer.ts
FNF:0
FNH:0
LF:0
LH:0
BRF:0
BRH:0
end_of_record
TN:
SF:src\interfaces\question.ts
FNF:0
FNH:0
LF:0
LH:0
BRF:0
BRH:0
end_of_record
